C:\USERS\JUAN ZEPEDA\DOCUMENTS\VISUAL STUDIO 2012\PROJECTS\EJERCICIOSPROGRA3\EJERCICIOSOBRECARGA_ENTEROLARGO\DEBUG\ENTEROGRANDE.OBJ
C:\USERS\JUAN ZEPEDA\DOCUMENTS\VISUAL STUDIO 2012\PROJECTS\EJERCICIOSPROGRA3\EJERCICIOSOBRECARGA_ENTEROLARGO\DEBUG\MAIN.OBJ
C:\USERS\JUAN ZEPEDA\DOCUMENTS\VISUAL STUDIO 2012\PROJECTS\EJERCICIOSPROGRA3\EJERCICIOSOBRECARGA_ENTEROLARGO\DEBUG\VC110.PDB
C:\USERS\JUAN ZEPEDA\DOCUMENTS\VISUAL STUDIO 2012\PROJECTS\EJERCICIOSPROGRA3\DEBUG\EJERCICIOSOBRECARGA_ENTEROGRANDE.ILK
C:\USERS\JUAN ZEPEDA\DOCUMENTS\VISUAL STUDIO 2012\PROJECTS\EJERCICIOSPROGRA3\DEBUG\EJERCICIOSOBRECARGA_ENTEROGRANDE.EXE
C:\USERS\JUAN ZEPEDA\DOCUMENTS\VISUAL STUDIO 2012\PROJECTS\EJERCICIOSPROGRA3\DEBUG\EJERCICIOSOBRECARGA_ENTEROGRANDE.PDB
C:\Users\Juan Zepeda\Documents\Visual Studio 2012\Projects\EjerciciosProgra3\EjercicioSobrecarga_EnteroLargo\Debug\EnteroGrande.obj
C:\Users\Juan Zepeda\Documents\Visual Studio 2012\Projects\EjerciciosProgra3\EjercicioSobrecarga_EnteroLargo\Debug\main.obj
C:\Users\Juan Zepeda\Documents\Visual Studio 2012\Projects\EjerciciosProgra3\EjercicioSobrecarga_EnteroLargo\Debug\cl.command.1.tlog
C:\Users\Juan Zepeda\Documents\Visual Studio 2012\Projects\EjerciciosProgra3\EjercicioSobrecarga_EnteroLargo\Debug\CL.read.1.tlog
C:\Users\Juan Zepeda\Documents\Visual Studio 2012\Projects\EjerciciosProgra3\EjercicioSobrecarga_EnteroLargo\Debug\CL.write.1.tlog
C:\Users\Juan Zepeda\Documents\Visual Studio 2012\Projects\EjerciciosProgra3\EjercicioSobrecarga_EnteroLargo\Debug\link-cvtres.read.1.tlog
C:\Users\Juan Zepeda\Documents\Visual Studio 2012\Projects\EjerciciosProgra3\EjercicioSobrecarga_EnteroLargo\Debug\link-cvtres.write.1.tlog
C:\Users\Juan Zepeda\Documents\Visual Studio 2012\Projects\EjerciciosProgra3\EjercicioSobrecarga_EnteroLargo\Debug\link-rc.read.1.tlog
C:\Users\Juan Zepeda\Documents\Visual Studio 2012\Projects\EjerciciosProgra3\EjercicioSobrecarga_EnteroLargo\Debug\link-rc.write.1.tlog
C:\Users\Juan Zepeda\Documents\Visual Studio 2012\Projects\EjerciciosProgra3\EjercicioSobrecarga_EnteroLargo\Debug\link.command.1.tlog
C:\Users\Juan Zepeda\Documents\Visual Studio 2012\Projects\EjerciciosProgra3\EjercicioSobrecarga_EnteroLargo\Debug\link.read.1.tlog
C:\Users\Juan Zepeda\Documents\Visual Studio 2012\Projects\EjerciciosProgra3\EjercicioSobrecarga_EnteroLargo\Debug\link.write.1.tlog
C:\Users\Juan Zepeda\Documents\Visual Studio 2012\Projects\EjerciciosProgra3\EjercicioSobrecarga_EnteroLargo\Debug\vc110.idb
C:\Users\Juan Zepeda\Documents\Visual Studio 2012\Projects\EjerciciosProgra3\EjercicioSobrecarga_EnteroLargo\Debug\vc110.pdb
C:\Users\Juan Zepeda\Documents\Visual Studio 2012\Projects\EjerciciosProgra3\Debug\EjercicioSobrecarga_EnteroGrande.pdb
C:\Users\Juan Zepeda\Documents\Visual Studio 2012\Projects\EjerciciosProgra3\Debug\EjercicioSobrecarga_EnteroGrande.exe
C:\Users\Juan Zepeda\Documents\Visual Studio 2012\Projects\EjerciciosProgra3\Debug\EjercicioSobrecarga_EnteroGrande.ilk
